TN:
SF:src/polyfills.ts
FNF:0
FNH:0
LF:0
LH:0
BRF:0
BRH:0
end_of_record
TN:
SF:src/test.ts
FN:20,(anonymous_0)
FNF:1
FNH:1
FNDA:1,(anonymous_0)
DA:20,1
DA:23,1
DA:28,1
DA:30,1
DA:32,1
LF:5
LH:5
BRF:0
BRH:0
end_of_record
TN:
SF:src/app/app-routing.module.ts
FNF:0
FNH:0
DA:8,1
DA:35,1
LF:2
LH:2
BRF:0
BRH:0
end_of_record
TN:
SF:src/app/about/about.component.ts
FN:10,(anonymous_1)
FN:12,(anonymous_2)
FNF:2
FNH:0
FNDA:0,(anonymous_1)
FNDA:0,(anonymous_2)
DA:8,1
LF:1
LH:1
BRF:0
BRH:0
end_of_record
TN:
SF:src/app/courses/courses.module.ts
FNF:0
FNH:0
DA:75,1
LF:1
LH:1
BRF:0
BRH:0
end_of_record
TN:
SF:src/app/courses/common/setup-test-data.ts
FN:6,setupCourses
FNF:1
FNH:1
FNDA:7,setupCourses
DA:7,7
LF:1
LH:1
BRF:0
BRH:0
end_of_record
TN:
SF:src/app/courses/common/test-utils.ts
FN:9,click
FNF:1
FNH:1
FNDA:2,click
DA:3,1
DA:10,2
DA:11,0
DA:13,2
LF:4
LH:3
BRDA:9,0,0,2
BRDA:10,1,0,0
BRDA:10,1,1,2
BRF:3
BRH:2
end_of_record
TN:
SF:src/app/courses/course/course.component.ts
FN:32,(anonymous_1)
FN:37,(anonymous_2)
FN:47,(anonymous_3)
FN:49,(anonymous_4)
FN:55,(anonymous_5)
FN:65,(anonymous_6)
FN:71,(anonymous_7)
FNF:7
FNH:0
FNDA:0,(anonymous_1)
FNDA:0,(anonymous_2)
FNDA:0,(anonymous_3)
FNDA:0,(anonymous_4)
FNDA:0,(anonymous_5)
FNDA:0,(anonymous_6)
FNDA:0,(anonymous_7)
DA:18,1
DA:24,0
DA:32,0
DA:33,0
DA:39,0
DA:41,0
DA:43,0
DA:49,0
DA:51,0
DA:56,0
DA:58,0
DA:63,0
DA:65,0
DA:72,0
LF:14
LH:1
BRF:0
BRH:0
end_of_record
TN:
SF:src/app/courses/course-dialog/course-dialog.component.ts
FN:19,(anonymous_1)
FN:36,(anonymous_2)
FN:41,(anonymous_3)
FN:47,(anonymous_4)
FN:52,(anonymous_5)
FNF:5
FNH:0
FNDA:0,(anonymous_1)
FNDA:0,(anonymous_2)
FNDA:0,(anonymous_3)
FNDA:0,(anonymous_4)
FNDA:0,(anonymous_5)
DA:14,1
DA:20,0
DA:21,0
DA:23,0
DA:25,0
DA:27,0
DA:43,0
DA:45,0
DA:47,0
DA:53,0
LF:10
LH:1
BRF:0
BRH:0
end_of_record
TN:
SF:src/app/courses/courses-card-list/courses-card-list.component.ts
FN:20,(anonymous_1)
FN:24,(anonymous_2)
FN:28,(anonymous_3)
FN:42,(anonymous_4)
FN:43,(anonymous_5)
FNF:5
FNH:2
FNDA:11,(anonymous_1)
FNDA:10,(anonymous_2)
FNDA:0,(anonymous_3)
FNDA:0,(anonymous_4)
FNDA:0,(anonymous_5)
DA:12,1
DA:18,11
DA:20,11
DA:30,0
DA:32,0
DA:33,0
DA:35,0
DA:37,0
DA:40,0
DA:42,0
DA:43,0
LF:11
LH:3
BRF:0
BRH:0
end_of_record
TN:
SF:src/app/courses/home/home.component.ts
FN:19,(anonymous_1)
FN:23,(anonymous_2)
FN:30,(anonymous_3)
FN:40,(anonymous_4)
FN:42,(anonymous_5)
FN:42,(anonymous_6)
FNF:6
FNH:6
FNDA:6,(anonymous_1)
FNDA:5,(anonymous_2)
FNDA:5,(anonymous_3)
FNDA:10,(anonymous_4)
FNDA:10,(anonymous_5)
FNDA:96,(anonymous_6)
DA:13,1
DA:19,6
DA:25,5
DA:32,5
DA:34,5
DA:36,5
DA:41,10
DA:42,96
LF:8
LH:8
BRF:0
BRH:0
end_of_record
TN:
SF:src/app/courses/home/sort-course-by-seq.ts
FN:4,sortCoursesBySeqNo
FNF:1
FNH:1
FNDA:236,sortCoursesBySeqNo
DA:5,236
LF:1
LH:1
BRF:0
BRH:0
end_of_record
TN:
SF:src/app/courses/services/calculator.service.ts
FN:11,(anonymous_1)
FN:15,(anonymous_2)
FN:20,(anonymous_3)
FNF:3
FNH:3
FNDA:2,(anonymous_1)
FNDA:1,(anonymous_2)
FNDA:1,(anonymous_3)
DA:8,1
DA:11,2
DA:16,1
DA:17,1
DA:21,1
DA:22,1
LF:6
LH:6
BRF:0
BRH:0
end_of_record
TN:
SF:src/app/courses/services/course.resolver.ts
FN:15,(anonymous_1)
FN:19,(anonymous_2)
FNF:2
FNH:0
FNDA:0,(anonymous_1)
FNDA:0,(anonymous_2)
DA:13,1
DA:15,0
DA:20,0
LF:3
LH:1
BRF:0
BRH:0
end_of_record
TN:
SF:src/app/courses/services/courses.service.ts
FN:14,(anonymous_1)
FN:18,(anonymous_2)
FN:22,(anonymous_3)
FN:25,(anonymous_4)
FN:30,(anonymous_5)
FN:34,(anonymous_6)
FN:46,(anonymous_7)
FNF:7
FNH:7
FNDA:5,(anonymous_1)
FNDA:1,(anonymous_2)
FNDA:1,(anonymous_3)
FNDA:1,(anonymous_4)
FNDA:2,(anonymous_5)
FNDA:1,(anonymous_6)
FNDA:1,(anonymous_7)
DA:12,1
DA:14,5
DA:19,1
DA:23,1
DA:25,1
DA:31,2
DA:38,1
DA:46,1
LF:8
LH:8
BRDA:35,0,0,1
BRDA:35,1,0,1
BRDA:36,2,0,1
BRDA:36,3,0,1
BRF:4
BRH:4
end_of_record
TN:
SF:src/app/courses/services/lessons.datasource.ts
FN:20,(anonymous_0)
FN:24,(anonymous_1)
FN:34,(anonymous_2)
FN:35,(anonymous_3)
FN:37,(anonymous_4)
FN:41,(anonymous_5)
FN:46,(anonymous_6)
FNF:7
FNH:0
FNDA:0,(anonymous_0)
FNDA:0,(anonymous_1)
FNDA:0,(anonymous_2)
FNDA:0,(anonymous_3)
FNDA:0,(anonymous_4)
FNDA:0,(anonymous_5)
FNDA:0,(anonymous_6)
DA:14,0
DA:16,0
DA:18,0
DA:20,0
DA:30,0
DA:32,0
DA:34,0
DA:35,0
DA:37,0
DA:42,0
DA:43,0
DA:47,0
DA:48,0
LF:13
LH:0
BRF:0
BRH:0
end_of_record
TN:
SF:src/app/courses/services/logger.service.ts
FN:9,(anonymous_1)
FNF:1
FNH:0
FNDA:0,(anonymous_1)
DA:7,1
DA:10,0
LF:2
LH:1
BRF:0
BRH:0
end_of_record
